<?xml version="1.0" encoding="UTF-8"?>
<!-- Generated by org.testng.reporters.JUnitXMLReporter -->
<testsuite ignored="4" hostname="DESKTOP-O3CNH6A" failures="2" tests="3" name="Test" time="134.984" errors="0" timestamp="2022-09-16T10:48:00 IST">
  <testcase classname="com.TestClass.TestCaseNo1" name="BasicAuth" time="2.042"/>
  <testcase classname="com.TestClass.TestCaseNo2" name="dropdown" time="0.006">
    <failure type="java.lang.NullPointerException" message="Cannot invoke &amp;quot;org.openqa.selenium.SearchContext.findElement(org.openqa.selenium.By)&amp;quot; because &amp;quot;this.searchContext&amp;quot; is null">
      <![CDATA[java.lang.NullPointerException: Cannot invoke "org.openqa.selenium.SearchContext.findElement(org.openqa.selenium.By)" because "this.searchContext" is null
at org.openqa.selenium.support.pagefactory.DefaultElementLocator.findElement(DefaultElementLocator.java:70)
at org.openqa.selenium.support.pagefactory.internal.LocatingElementHandler.invoke(LocatingElementHandler.java:39)
at jdk.proxy2/jdk.proxy2.$Proxy20.isDisplayed(Unknown Source)
at com.PageClass.HomePageClass.ElementClick(HomePageClass.java:29)
at com.TestClass.TestCaseNo2.dropdown(TestCaseNo2.java:15)
at java.base/java.util.ArrayList.forEach(ArrayList.java:1511)
... Removed 25 stack frames]]>
    </failure>
  </testcase> <!-- dropdown -->
  <testcase classname="com.TestClass.TestCaseNo3" name="check" time="0.011">
    <failure type="java.lang.NullPointerException" message="Cannot invoke &amp;quot;org.openqa.selenium.SearchContext.findElement(org.openqa.selenium.By)&amp;quot; because &amp;quot;this.searchContext&amp;quot; is null">
      <![CDATA[java.lang.NullPointerException: Cannot invoke "org.openqa.selenium.SearchContext.findElement(org.openqa.selenium.By)" because "this.searchContext" is null
at org.openqa.selenium.support.pagefactory.DefaultElementLocator.findElement(DefaultElementLocator.java:70)
at org.openqa.selenium.support.pagefactory.internal.LocatingElementHandler.invoke(LocatingElementHandler.java:39)
at jdk.proxy2/jdk.proxy2.$Proxy20.isDisplayed(Unknown Source)
at com.PageClass.HomePageClass.ElementClick(HomePageClass.java:29)
at com.TestClass.TestCaseNo3.check(TestCaseNo3.java:16)
at java.base/java.util.ArrayList.forEach(ArrayList.java:1511)
... Removed 25 stack frames]]>
    </failure>
  </testcase> <!-- check -->
  <testcase classname="com.BaseClass.BaseClass" name="@AfterTest BrowserClosed" time="0.0">
    <ignored/>
  </testcase> <!-- @AfterTest BrowserClosed -->
  <testcase classname="com.BaseClass.BaseClass" name="@BeforeTest BrowserOpen" time="0.0">
    <ignored/>
  </testcase> <!-- @BeforeTest BrowserOpen -->
  <testcase classname="com.BaseClass.BaseClass" name="@BeforeTest BrowserOpen" time="0.0">
    <ignored/>
  </testcase> <!-- @BeforeTest BrowserOpen -->
  <testcase classname="com.BaseClass.BaseClass" name="@AfterTest BrowserClosed" time="0.0">
    <ignored/>
  </testcase> <!-- @AfterTest BrowserClosed -->
</testsuite> <!-- Test -->
